# Logfile created on 2014-02-07 21:42:38 +0900 by logger.rb/44203
I, [2014-02-07T21:42:38.898721 #2343]  INFO -- : 0:  i18n (0.6.9) from /Users/chihiro/git/test_clock/vendor/bundle/ruby/2.1.0/specifications/i18n-0.6.9.gemspec
I, [2014-02-07T21:42:38.899200 #2343]  INFO -- : 0:  minitest (4.7.5) from /Users/chihiro/.rvm/rubies/ruby-2.1.0/lib/ruby/gems/2.1.0/specifications/default/minitest-4.7.5.gemspec
I, [2014-02-07T21:42:40.199828 #2343]  INFO -- : 0:  multi_json (1.8.4) from /Users/chihiro/git/test_clock/vendor/bundle/ruby/2.1.0/specifications/multi_json-1.8.4.gemspec
I, [2014-02-07T21:42:43.604334 #2343]  INFO -- : 0:  atomic (1.1.14) from /Users/chihiro/git/test_clock/vendor/bundle/ruby/2.1.0/specifications/atomic-1.1.14.gemspec
I, [2014-02-07T21:42:45.648648 #2343]  INFO -- : 0:  thread_safe (0.1.3) from /Users/chihiro/git/test_clock/vendor/bundle/ruby/2.1.0/specifications/thread_safe-0.1.3.gemspec
I, [2014-02-07T21:42:49.126978 #2343]  INFO -- : 0:  tzinfo (0.3.38) from /Users/chihiro/git/test_clock/vendor/bundle/ruby/2.1.0/specifications/tzinfo-0.3.38.gemspec
I, [2014-02-07T21:42:53.074747 #2343]  INFO -- : 0:  activesupport (4.0.2) from /Users/chihiro/git/test_clock/vendor/bundle/ruby/2.1.0/specifications/activesupport-4.0.2.gemspec
I, [2014-02-07T21:42:54.295118 #2343]  INFO -- : 0:  clockwork (0.7.0) from /Users/chihiro/git/test_clock/vendor/bundle/ruby/2.1.0/specifications/clockwork-0.7.0.gemspec
I, [2014-02-07T21:42:54.295591 #2343]  INFO -- : 0:  bundler (1.5.1) from /Users/chihiro/.rvm/gems/ruby-2.1.0@global/gems/bundler-1.5.1/lib/bundler/source
I, [2014-02-07T21:51:27.253072 #2455]  INFO -- : 0:  i18n (0.6.9) from /Users/chihiro/git/test_clock/vendor/bundle/ruby/2.1.0/specifications/i18n-0.6.9.gemspec
I, [2014-02-07T21:51:27.253964 #2455]  INFO -- : 0:  minitest (4.7.5) from /Users/chihiro/.rvm/rubies/ruby-2.1.0/lib/ruby/gems/2.1.0/specifications/default/minitest-4.7.5.gemspec
I, [2014-02-07T21:51:28.782672 #2455]  INFO -- : 0:  multi_json (1.8.4) from /Users/chihiro/git/test_clock/vendor/bundle/ruby/2.1.0/specifications/multi_json-1.8.4.gemspec
I, [2014-02-07T21:51:30.897838 #2455]  INFO -- : 0:  atomic (1.1.14) from /Users/chihiro/git/test_clock/vendor/bundle/ruby/2.1.0/specifications/atomic-1.1.14.gemspec
I, [2014-02-07T21:51:33.060798 #2455]  INFO -- : 0:  thread_safe (0.1.3) from /Users/chihiro/git/test_clock/vendor/bundle/ruby/2.1.0/specifications/thread_safe-0.1.3.gemspec
I, [2014-02-07T21:51:37.515022 #2455]  INFO -- : 0:  tzinfo (0.3.38) from /Users/chihiro/git/test_clock/vendor/bundle/ruby/2.1.0/specifications/tzinfo-0.3.38.gemspec
I, [2014-02-07T21:51:41.006339 #2455]  INFO -- : 0:  activesupport (4.0.2) from /Users/chihiro/git/test_clock/vendor/bundle/ruby/2.1.0/specifications/activesupport-4.0.2.gemspec
I, [2014-02-07T21:51:42.473776 #2455]  INFO -- : 0:  clockwork (0.7.0) from /Users/chihiro/git/test_clock/vendor/bundle/ruby/2.1.0/specifications/clockwork-0.7.0.gemspec
I, [2014-02-07T21:51:42.474328 #2455]  INFO -- : 0:  bundler (1.5.1) from /Users/chihiro/.rvm/gems/ruby-2.1.0@global/gems/bundler-1.5.1/lib/bundler/source
I, [2014-02-07T22:01:29.275500 #2631]  INFO -- : 0:  i18n (0.6.9) from /Users/chihiro/git/test_clock/vendor/bundle/ruby/2.1.0/specifications/i18n-0.6.9.gemspec
I, [2014-02-07T22:01:29.276236 #2631]  INFO -- : 0:  minitest (4.7.5) from /Users/chihiro/.rvm/rubies/ruby-2.1.0/lib/ruby/gems/2.1.0/specifications/default/minitest-4.7.5.gemspec
I, [2014-02-07T22:01:29.276713 #2631]  INFO -- : 0:  multi_json (1.8.4) from /Users/chihiro/git/test_clock/vendor/bundle/ruby/2.1.0/specifications/multi_json-1.8.4.gemspec
I, [2014-02-07T22:01:29.277127 #2631]  INFO -- : 0:  atomic (1.1.14) from /Users/chihiro/git/test_clock/vendor/bundle/ruby/2.1.0/specifications/atomic-1.1.14.gemspec
I, [2014-02-07T22:01:29.277526 #2631]  INFO -- : 0:  thread_safe (0.1.3) from /Users/chihiro/git/test_clock/vendor/bundle/ruby/2.1.0/specifications/thread_safe-0.1.3.gemspec
I, [2014-02-07T22:01:29.277914 #2631]  INFO -- : 0:  tzinfo (0.3.38) from /Users/chihiro/git/test_clock/vendor/bundle/ruby/2.1.0/specifications/tzinfo-0.3.38.gemspec
I, [2014-02-07T22:01:29.278309 #2631]  INFO -- : 0:  activesupport (4.0.2) from /Users/chihiro/git/test_clock/vendor/bundle/ruby/2.1.0/specifications/activesupport-4.0.2.gemspec
I, [2014-02-07T22:01:32.336641 #2631]  INFO -- : 0:  addressable (2.3.5) from /Users/chihiro/git/test_clock/vendor/bundle/ruby/2.1.0/specifications/addressable-2.3.5.gemspec
I, [2014-02-07T22:01:33.586982 #2631]  INFO -- : 0:  buftok (0.2.0) from /Users/chihiro/git/test_clock/vendor/bundle/ruby/2.1.0/specifications/buftok-0.2.0.gemspec
I, [2014-02-07T22:01:33.587540 #2631]  INFO -- : 0:  clockwork (0.7.0) from /Users/chihiro/git/test_clock/vendor/bundle/ruby/2.1.0/specifications/clockwork-0.7.0.gemspec
I, [2014-02-07T22:01:34.959994 #2631]  INFO -- : 0:  descendants_tracker (0.0.3) from /Users/chihiro/git/test_clock/vendor/bundle/ruby/2.1.0/specifications/descendants_tracker-0.0.3.gemspec
I, [2014-02-07T22:01:36.777290 #2631]  INFO -- : 0:  equalizer (0.0.9) from /Users/chihiro/git/test_clock/vendor/bundle/ruby/2.1.0/specifications/equalizer-0.0.9.gemspec
I, [2014-02-07T22:01:38.318720 #2631]  INFO -- : 0:  multipart-post (2.0.0) from /Users/chihiro/git/test_clock/vendor/bundle/ruby/2.1.0/specifications/multipart-post-2.0.0.gemspec
I, [2014-02-07T22:01:40.774923 #2631]  INFO -- : 0:  faraday (0.9.0) from /Users/chihiro/git/test_clock/vendor/bundle/ruby/2.1.0/specifications/faraday-0.9.0.gemspec
I, [2014-02-07T22:01:48.539370 #2631]  INFO -- : 0:  http_parser.rb (0.6.0) from /Users/chihiro/git/test_clock/vendor/bundle/ruby/2.1.0/specifications/http_parser.rb-0.6.0.gemspec
I, [2014-02-07T22:01:50.590464 #2631]  INFO -- : 0:  http (0.5.0) from /Users/chihiro/git/test_clock/vendor/bundle/ruby/2.1.0/specifications/http-0.5.0.gemspec
I, [2014-02-07T22:01:50.590946 #2631]  INFO -- : 0:  json (1.8.1) from /Users/chihiro/.rvm/rubies/ruby-2.1.0/lib/ruby/gems/2.1.0/specifications/default/json-1.8.1.gemspec
I, [2014-02-07T22:01:52.007431 #2631]  INFO -- : 0:  memoizable (0.4.0) from /Users/chihiro/git/test_clock/vendor/bundle/ruby/2.1.0/specifications/memoizable-0.4.0.gemspec
I, [2014-02-07T22:01:53.589902 #2631]  INFO -- : 0:  naught (1.0.0) from /Users/chihiro/git/test_clock/vendor/bundle/ruby/2.1.0/specifications/naught-1.0.0.gemspec
I, [2014-02-07T22:01:54.944068 #2631]  INFO -- : 0:  simple_oauth (0.2.0) from /Users/chihiro/git/test_clock/vendor/bundle/ruby/2.1.0/specifications/simple_oauth-0.2.0.gemspec
I, [2014-02-07T22:02:08.629346 #2631]  INFO -- : 0:  twitter (5.6.0) from /Users/chihiro/git/test_clock/vendor/bundle/ruby/2.1.0/specifications/twitter-5.6.0.gemspec
I, [2014-02-07T22:02:08.630208 #2631]  INFO -- : 0:  bundler (1.5.1) from /Users/chihiro/.rvm/gems/ruby-2.1.0@global/gems/bundler-1.5.1/lib/bundler/source
